<?xml version="1.0" encoding="UTF-8"?>
<coverage generated="1700031039546" clover="3.2.0">
  <project timestamp="1700031039546" name="All files">
    <metrics statements="31" coveredstatements="20" conditionals="6" coveredconditionals="2" methods="5" coveredmethods="4" elements="42" coveredelements="26" complexity="0" loc="31" ncloc="31" packages="2" files="4" classes="4"/>
    <package name="studentpulse-server">
      <metrics statements="10" coveredstatements="9" conditionals="3" coveredconditionals="1" methods="2" coveredmethods="2"/>
      <file name="config.js" path="/home/flan/dev/CS4350-Group-10/studentpulse-server/config.js">
        <metrics statements="4" coveredstatements="4" conditionals="0" coveredconditionals="0" methods="0" coveredmethods="0"/>
        <line num="1" count="1" type="stmt"/>
        <line num="2" count="1" type="stmt"/>
        <line num="4" count="1" type="stmt"/>
        <line num="17" count="1" type="stmt"/>
      </file>
      <file name="helper.js" path="/home/flan/dev/CS4350-Group-10/studentpulse-server/helper.js">
        <metrics statements="6" coveredstatements="5" conditionals="3" coveredconditionals="1" methods="2" coveredmethods="2"/>
        <line num="2" count="1" type="stmt"/>
        <line num="3" count="1" type="stmt"/>
        <line num="7" count="2" type="cond" truecount="1" falsecount="1"/>
        <line num="8" count="0" type="stmt"/>
        <line num="10" count="2" type="stmt"/>
        <line num="13" count="2" type="stmt"/>
      </file>
    </package>
    <package name="studentpulse-server.services">
      <metrics statements="21" coveredstatements="11" conditionals="3" coveredconditionals="1" methods="3" coveredmethods="2"/>
      <file name="db.js" path="/home/flan/dev/CS4350-Group-10/studentpulse-server/services/db.js">
        <metrics statements="6" coveredstatements="5" conditionals="0" coveredconditionals="0" methods="1" coveredmethods="1"/>
        <line num="1" count="1" type="stmt"/>
        <line num="2" count="1" type="stmt"/>
        <line num="5" count="1" type="stmt"/>
        <line num="6" count="1" type="stmt"/>
        <line num="7" count="0" type="stmt"/>
        <line num="10" count="1" type="stmt"/>
      </file>
      <file name="query-data.js" path="/home/flan/dev/CS4350-Group-10/studentpulse-server/services/query-data.js">
        <metrics statements="15" coveredstatements="6" conditionals="3" coveredconditionals="1" methods="2" coveredmethods="1"/>
        <line num="1" count="1" type="stmt"/>
        <line num="2" count="1" type="stmt"/>
        <line num="3" count="1" type="stmt"/>
        <line num="6" count="1" type="stmt"/>
        <line num="7" count="1" type="stmt"/>
        <line num="11" count="0" type="stmt"/>
        <line num="12" count="0" type="stmt"/>
        <line num="13" count="0" type="stmt"/>
        <line num="15" count="0" type="stmt"/>
        <line num="22" count="0" type="stmt"/>
        <line num="29" count="0" type="stmt"/>
        <line num="31" count="0" type="cond" truecount="0" falsecount="2"/>
        <line num="32" count="0" type="stmt"/>
        <line num="35" count="0" type="stmt"/>
        <line num="38" count="1" type="stmt"/>
      </file>
    </package>
  </project>
</coverage>
