TN:
SF:config.js
FNF:0
FNH:0
DA:1,1
DA:2,1
DA:4,1
DA:17,1
LF:4
LH:4
BRF:0
BRH:0
end_of_record
TN:
SF:helper.js
FN:1,getOffset
FN:6,emptyOrRows
FNF:2
FNH:2
FNDA:1,getOffset
FNDA:2,emptyOrRows
DA:2,1
DA:3,1
DA:7,2
DA:8,0
DA:10,2
DA:13,2
LF:6
LH:5
BRDA:1,0,0,0
BRDA:7,1,0,0
BRDA:7,1,1,2
BRF:3
BRH:1
end_of_record
TN:
SF:services/db.js
FN:4,query
FNF:1
FNH:1
FNDA:1,query
DA:1,1
DA:2,1
DA:5,1
DA:6,1
DA:7,0
DA:10,1
LF:6
LH:5
BRF:0
BRH:0
end_of_record
TN:
SF:services/query-data.js
FN:5,getMultiple
FN:21,create
FNF:2
FNH:1
FNDA:1,getMultiple
FNDA:0,create
DA:1,1
DA:2,1
DA:3,1
DA:6,1
DA:7,1
DA:11,0
DA:12,0
DA:13,0
DA:15,0
DA:22,0
DA:29,0
DA:31,0
DA:32,0
DA:35,0
DA:38,1
LF:15
LH:6
BRDA:5,0,0,1
BRDA:31,1,0,0
BRDA:31,1,1,0
BRF:3
BRH:1
end_of_record
